2024-05-21 16:59:25 [main] INFO  mySelfRegistration.IntroLocations - Mumbai
2024-05-21 16:59:25 [main] INFO  mySelfRegistration.IntroLocations - Thane
2024-05-21 16:59:25 [main] INFO  mySelfRegistration.IntroLocations - Pune
2024-05-21 16:59:25 [main] INFO  mySelfRegistration.IntroLocations - Surat
2024-05-21 16:59:25 [main] INFO  mySelfRegistration.IntroLocations - Vadodara
2024-05-21 16:59:25 [main] INFO  mySelfRegistration.IntroLocations - Ahmedabad
2024-05-21 16:59:25 [main] INFO  mySelfRegistration.IntroLocations - Indore
2024-05-21 16:59:25 [main] INFO  mySelfRegistration.IntroLocations - Hyderabad
2024-05-21 16:59:25 [main] INFO  mySelfRegistration.IntroLocations - Bhopal
2024-05-21 16:59:25 [main] INFO  mySelfRegistration.IntroLocations - Nagpur
2024-05-21 16:59:26 [main] INFO  mySelfRegistration.IntroLocations - Mumbai
2024-05-21 16:59:26 [main] INFO  mySelfRegistration.IntroLocations - Thane
2024-05-21 16:59:26 [main] INFO  mySelfRegistration.IntroLocations - Pune
2024-05-21 16:59:26 [main] INFO  mySelfRegistration.IntroLocations - Surat
2024-05-21 16:59:26 [main] INFO  mySelfRegistration.IntroLocations - Vadodara
2024-05-21 16:59:26 [main] INFO  mySelfRegistration.IntroLocations - Ahmedabad
2024-05-21 16:59:26 [main] INFO  mySelfRegistration.IntroLocations - Indore
2024-05-21 16:59:26 [main] INFO  mySelfRegistration.IntroLocations - Hyderabad
2024-05-21 16:59:26 [main] INFO  mySelfRegistration.IntroLocations - Bhopal
2024-05-21 16:59:26 [main] INFO  mySelfRegistration.IntroLocations - Nagpur
2024-05-21 18:06:18 [main] INFO  mySelfRegistration.IntroLocations - Mumbai
2024-05-21 18:06:18 [main] INFO  mySelfRegistration.IntroLocations - Thane
2024-05-21 18:06:18 [main] INFO  mySelfRegistration.IntroLocations - Pune
2024-05-21 18:06:18 [main] INFO  mySelfRegistration.IntroLocations - Surat
2024-05-21 18:06:18 [main] INFO  mySelfRegistration.IntroLocations - Vadodara
2024-05-21 18:06:18 [main] INFO  mySelfRegistration.IntroLocations - Ahmedabad
2024-05-21 18:06:18 [main] INFO  mySelfRegistration.IntroLocations - Indore
2024-05-21 18:06:18 [main] INFO  mySelfRegistration.IntroLocations - Hyderabad
2024-05-21 18:06:18 [main] INFO  mySelfRegistration.IntroLocations - Bhopal
2024-05-21 18:06:18 [main] INFO  mySelfRegistration.IntroLocations - Nagpur
2024-05-21 18:06:19 [main] INFO  mySelfRegistration.IntroLocations - Mumbai
2024-05-21 18:06:19 [main] INFO  mySelfRegistration.IntroLocations - Thane
2024-05-21 18:06:19 [main] INFO  mySelfRegistration.IntroLocations - Pune
2024-05-21 18:06:19 [main] INFO  mySelfRegistration.IntroLocations - Surat
2024-05-21 18:06:19 [main] INFO  mySelfRegistration.IntroLocations - Vadodara
2024-05-21 18:06:19 [main] INFO  mySelfRegistration.IntroLocations - Ahmedabad
2024-05-21 18:06:19 [main] INFO  mySelfRegistration.IntroLocations - Indore
2024-05-21 18:06:19 [main] INFO  mySelfRegistration.IntroLocations - Hyderabad
2024-05-21 18:06:19 [main] INFO  mySelfRegistration.IntroLocations - Bhopal
2024-05-21 18:06:19 [main] INFO  mySelfRegistration.IntroLocations - Nagpur
2024-05-21 18:18:38 [main] INFO  test.MySelfRegistration - Residency Status Page is not available for selected Living Location
2024-05-21 18:19:04 [main] INFO  mySelfRegistration.IntroLocations - Mumbai
2024-05-21 18:19:04 [main] INFO  mySelfRegistration.IntroLocations - Thane
2024-05-21 18:19:04 [main] INFO  mySelfRegistration.IntroLocations - Pune
2024-05-21 18:19:04 [main] INFO  mySelfRegistration.IntroLocations - Surat
2024-05-21 18:19:04 [main] INFO  mySelfRegistration.IntroLocations - Vadodara
2024-05-21 18:19:04 [main] INFO  mySelfRegistration.IntroLocations - Ahmedabad
2024-05-21 18:19:04 [main] INFO  mySelfRegistration.IntroLocations - Indore
2024-05-21 18:19:04 [main] INFO  mySelfRegistration.IntroLocations - Hyderabad
2024-05-21 18:19:04 [main] INFO  mySelfRegistration.IntroLocations - Bhopal
2024-05-21 18:19:04 [main] INFO  mySelfRegistration.IntroLocations - Nagpur
2024-05-21 18:19:05 [main] INFO  mySelfRegistration.IntroLocations - Mumbai
2024-05-21 18:19:05 [main] INFO  mySelfRegistration.IntroLocations - Thane
2024-05-21 18:19:05 [main] INFO  mySelfRegistration.IntroLocations - Pune
2024-05-21 18:19:05 [main] INFO  mySelfRegistration.IntroLocations - Surat
2024-05-21 18:19:05 [main] INFO  mySelfRegistration.IntroLocations - Vadodara
2024-05-21 18:19:05 [main] INFO  mySelfRegistration.IntroLocations - Ahmedabad
2024-05-21 18:19:05 [main] INFO  mySelfRegistration.IntroLocations - Indore
2024-05-21 18:19:05 [main] INFO  mySelfRegistration.IntroLocations - Hyderabad
2024-05-21 18:19:05 [main] INFO  mySelfRegistration.IntroLocations - Bhopal
2024-05-21 18:19:05 [main] INFO  mySelfRegistration.IntroLocations - Nagpur
2024-05-28 14:12:51 [main] INFO  test.MySelfRegistration - Residency Status Page is not available for selected Living Location
